[debug] [2020-08-12T17:38:28.996Z] ----------------------------------------------------------------------
[debug] [2020-08-12T17:38:28.998Z] Command:       C:\Program Files\nodejs\node.exe C:\Program Files\nodejs\node_modules\firebase-tools\lib\bin\firebase.js deploy
[debug] [2020-08-12T17:38:28.998Z] CLI Version:   8.7.0
[debug] [2020-08-12T17:38:28.999Z] Platform:      win32
[debug] [2020-08-12T17:38:28.999Z] Node Version:  v10.19.0
[debug] [2020-08-12T17:38:28.999Z] Time:          Wed Aug 12 2020 19:38:28 GMT+0200 (Central European Summer Time)
[debug] [2020-08-12T17:38:28.999Z] ----------------------------------------------------------------------
[debug] [2020-08-12T17:38:28.999Z] 
[debug] [2020-08-12T17:38:29.007Z] > command requires scopes: ["email","openid","https://www.googleapis.com/auth/cloudplatformprojects.readonly","https://www.googleapis.com/auth/firebase","https://www.googleapis.com/auth/cloud-platform"]
[debug] [2020-08-12T17:38:29.007Z] > authorizing via signed-in user
[debug] [2020-08-12T17:38:29.008Z] [iam] checking project contact-list-typeqast for permissions ["datastore.indexes.create","datastore.indexes.delete","datastore.indexes.list","datastore.indexes.update","firebase.projects.get","firebasehosting.sites.update","firebaserules.releases.create","firebaserules.releases.update","firebaserules.rulesets.create"]
[debug] [2020-08-12T17:38:29.010Z] >>> HTTP REQUEST POST https://cloudresourcemanager.googleapis.com/v1/projects/contact-list-typeqast:testIamPermissions  
 {"permissions":["datastore.indexes.create","datastore.indexes.delete","datastore.indexes.list","datastore.indexes.update","firebase.projects.get","firebasehosting.sites.update","firebaserules.releases.create","firebaserules.releases.update","firebaserules.rulesets.create"]}
[debug] [2020-08-12T17:38:29.960Z] <<< HTTP RESPONSE 200 {"content-type":"application/json; charset=UTF-8","vary":"X-Origin, Referer, Origin,Accept-Encoding","date":"Wed, 12 Aug 2020 17:38:29 GMT","server":"ESF","cache-control":"private","x-xss-protection":"0","x-frame-options":"SAMEORIGIN","x-content-type-options":"nosniff","server-timing":"gfet4t7; dur=747","alt-svc":"h3-29=\":443\"; ma=2592000,h3-27=\":443\"; ma=2592000,h3-T050=\":443\"; ma=2592000,h3-Q050=\":443\"; ma=2592000,h3-Q046=\":443\"; ma=2592000,h3-Q043=\":443\"; ma=2592000,quic=\":443\"; ma=2592000; v=\"46,43\"","accept-ranges":"none","transfer-encoding":"chunked"}
[debug] [2020-08-12T17:38:29.967Z] >>> HTTP REQUEST GET https://firebase.googleapis.com/v1beta1/projects/contact-list-typeqast  
 
[debug] [2020-08-12T17:38:30.310Z] <<< HTTP RESPONSE 200 {"content-type":"application/json; charset=UTF-8","vary":"X-Origin, Referer, Origin,Accept-Encoding","date":"Wed, 12 Aug 2020 17:38:30 GMT","server":"ESF","cache-control":"private","x-xss-protection":"0","x-frame-options":"SAMEORIGIN","x-content-type-options":"nosniff","alt-svc":"h3-29=\":443\"; ma=2592000,h3-27=\":443\"; ma=2592000,h3-T050=\":443\"; ma=2592000,h3-Q050=\":443\"; ma=2592000,h3-Q046=\":443\"; ma=2592000,h3-Q043=\":443\"; ma=2592000,quic=\":443\"; ma=2592000; v=\"46,43\"","accept-ranges":"none","transfer-encoding":"chunked"}
[info] 
[info] === Deploying to 'contact-list-typeqast'...
[info] 
[info] i  deploying storage, firestore, hosting 
[debug] [2020-08-12T17:38:30.331Z] >>> HTTP REQUEST GET https://appengine.googleapis.com/v1/apps/contact-list-typeqast  
 
[debug] [2020-08-12T17:38:30.706Z] <<< HTTP RESPONSE 200 {"content-type":"application/json; charset=UTF-8","vary":"X-Origin, Referer, Origin,Accept-Encoding","date":"Wed, 12 Aug 2020 17:38:30 GMT","server":"ESF","cache-control":"private","x-xss-protection":"0","x-frame-options":"SAMEORIGIN","x-content-type-options":"nosniff","alt-svc":"h3-29=\":443\"; ma=2592000,h3-27=\":443\"; ma=2592000,h3-T050=\":443\"; ma=2592000,h3-Q050=\":443\"; ma=2592000,h3-Q046=\":443\"; ma=2592000,h3-Q043=\":443\"; ma=2592000,quic=\":443\"; ma=2592000; v=\"46,43\"","accept-ranges":"none","transfer-encoding":"chunked"}
[info] i  firebase.storage: checking storage.rules for compilation errors... 
[debug] [2020-08-12T17:38:30.715Z] >>> HTTP REQUEST POST https://firebaserules.googleapis.com/v1/projects/contact-list-typeqast:test  
 {"source":{"files":[{"name":"storage.rules","content":"rules_version = '2';\nservice firebase.storage {\n  match /b/{bucket}/o {\n    match /{allPaths=**} {\n      allow read, write: if request.auth!=null;\n    }\n  }\n}\n"}]}}
[debug] [2020-08-12T17:38:31.535Z] <<< HTTP RESPONSE 200 {"content-type":"application/json; charset=UTF-8","vary":"X-Origin, Referer, Origin,Accept-Encoding","date":"Wed, 12 Aug 2020 17:38:31 GMT","server":"ESF","cache-control":"private","x-xss-protection":"0","x-frame-options":"SAMEORIGIN","x-content-type-options":"nosniff","alt-svc":"h3-29=\":443\"; ma=2592000,h3-27=\":443\"; ma=2592000,h3-T050=\":443\"; ma=2592000,h3-Q050=\":443\"; ma=2592000,h3-Q046=\":443\"; ma=2592000,h3-Q043=\":443\"; ma=2592000,quic=\":443\"; ma=2592000; v=\"46,43\"","accept-ranges":"none","transfer-encoding":"chunked"}
[info] +  firebase.storage: rules file storage.rules compiled successfully 
[info] i  firestore: reading indexes from firestore.indexes.json... 
[info] i  cloud.firestore: checking firestore.rules for compilation errors... 
[debug] [2020-08-12T17:38:31.548Z] >>> HTTP REQUEST POST https://firebaserules.googleapis.com/v1/projects/contact-list-typeqast:test  
 {"source":{"files":[{"name":"firestore.rules","content":"service cloud.firestore {\n  match /databases/{database}/documents {\n    match /{document=**} {\n      allow read, write, delete: if true;\n    }\n  }\n}"}]}}
[debug] [2020-08-12T17:38:32.318Z] <<< HTTP RESPONSE 200 {"content-type":"application/json; charset=UTF-8","vary":"X-Origin, Referer, Origin,Accept-Encoding","date":"Wed, 12 Aug 2020 17:38:32 GMT","server":"ESF","cache-control":"private","x-xss-protection":"0","x-frame-options":"SAMEORIGIN","x-content-type-options":"nosniff","alt-svc":"h3-29=\":443\"; ma=2592000,h3-27=\":443\"; ma=2592000,h3-T050=\":443\"; ma=2592000,h3-Q050=\":443\"; ma=2592000,h3-Q046=\":443\"; ma=2592000,h3-Q043=\":443\"; ma=2592000,quic=\":443\"; ma=2592000; v=\"46,43\"","accept-ranges":"none","transfer-encoding":"chunked"}
[warn] !  [W] undefined:undefined - Ruleset uses old version (version [1]). Please update to the latest version (version [2]). 
[info] +  cloud.firestore: rules file firestore.rules compiled successfully 
[debug] [2020-08-12T17:38:32.328Z] >>> HTTP REQUEST POST https://firebasehosting.googleapis.com/v1beta1/sites/contact-list-typeqast/versions  
 {"config":{"rewrites":[{"glob":"**","path":"/index.html"}]},"labels":{"deployment-tool":"cli-firebase"}}
[debug] [2020-08-12T17:38:33.842Z] <<< HTTP RESPONSE 200 {"content-type":"application/json; charset=UTF-8","vary":"X-Origin, Referer, Origin,Accept-Encoding","date":"Wed, 12 Aug 2020 17:38:33 GMT","server":"ESF","cache-control":"private","x-xss-protection":"0","x-frame-options":"SAMEORIGIN","x-content-type-options":"nosniff","alt-svc":"h3-29=\":443\"; ma=2592000,h3-27=\":443\"; ma=2592000,h3-T050=\":443\"; ma=2592000,h3-Q050=\":443\"; ma=2592000,h3-Q046=\":443\"; ma=2592000,h3-Q043=\":443\"; ma=2592000,quic=\":443\"; ma=2592000; v=\"46,43\"","accept-ranges":"none","transfer-encoding":"chunked"}
[debug] [2020-08-12T17:38:33.849Z] >>> HTTP REQUEST GET https://firebaserules.googleapis.com/v1/projects/contact-list-typeqast/releases?pageSize=10&pageToken=  
 
[debug] [2020-08-12T17:38:34.614Z] <<< HTTP RESPONSE 200 {"content-type":"application/json; charset=UTF-8","vary":"X-Origin, Referer, Origin,Accept-Encoding","date":"Wed, 12 Aug 2020 17:38:34 GMT","server":"ESF","cache-control":"private","x-xss-protection":"0","x-frame-options":"SAMEORIGIN","x-content-type-options":"nosniff","alt-svc":"h3-29=\":443\"; ma=2592000,h3-27=\":443\"; ma=2592000,h3-T050=\":443\"; ma=2592000,h3-Q050=\":443\"; ma=2592000,h3-Q046=\":443\"; ma=2592000,h3-Q043=\":443\"; ma=2592000,quic=\":443\"; ma=2592000; v=\"46,43\"","accept-ranges":"none","transfer-encoding":"chunked"}
[debug] [2020-08-12T17:38:34.618Z] >>> HTTP REQUEST GET https://firebaserules.googleapis.com/v1/projects/contact-list-typeqast/rulesets/dcf77676-cdfc-491c-b4b1-fa27c7bdddb6  
 
[debug] [2020-08-12T17:38:35.375Z] <<< HTTP RESPONSE 200 {"content-type":"application/json; charset=UTF-8","vary":"X-Origin, Referer, Origin,Accept-Encoding","date":"Wed, 12 Aug 2020 17:38:35 GMT","server":"ESF","cache-control":"private","x-xss-protection":"0","x-frame-options":"SAMEORIGIN","x-content-type-options":"nosniff","alt-svc":"h3-29=\":443\"; ma=2592000,h3-27=\":443\"; ma=2592000,h3-T050=\":443\"; ma=2592000,h3-Q050=\":443\"; ma=2592000,h3-Q046=\":443\"; ma=2592000,h3-Q043=\":443\"; ma=2592000,quic=\":443\"; ma=2592000; v=\"46,43\"","accept-ranges":"none","transfer-encoding":"chunked"}
[info] i  storage: latest version of storage.rules already up to date, skipping upload... 
[debug] [2020-08-12T17:38:35.386Z] >>> HTTP REQUEST GET https://firebaserules.googleapis.com/v1/projects/contact-list-typeqast/releases?pageSize=10&pageToken=  
 
[debug] [2020-08-12T17:38:35.387Z] >>> HTTP REQUEST GET https://firestore.googleapis.com/v1/projects/contact-list-typeqast/databases/(default)/collectionGroups/-/indexes  
 
[debug] [2020-08-12T17:38:35.797Z] <<< HTTP RESPONSE 200 {"content-type":"application/json; charset=UTF-8","vary":"X-Origin, Referer, Origin,Accept-Encoding","date":"Wed, 12 Aug 2020 17:38:35 GMT","server":"ESF","cache-control":"private","x-xss-protection":"0","x-frame-options":"SAMEORIGIN","x-content-type-options":"nosniff","alt-svc":"h3-29=\":443\"; ma=2592000,h3-27=\":443\"; ma=2592000,h3-T050=\":443\"; ma=2592000,h3-Q050=\":443\"; ma=2592000,h3-Q046=\":443\"; ma=2592000,h3-Q043=\":443\"; ma=2592000,quic=\":443\"; ma=2592000; v=\"46,43\"","accept-ranges":"none","transfer-encoding":"chunked"}
[debug] [2020-08-12T17:38:35.799Z] >>> HTTP REQUEST GET https://firestore.googleapis.com/v1/projects/contact-list-typeqast/databases/(default)/collectionGroups/-/fields?filter=indexConfig.usesAncestorConfig=false  
 
[debug] [2020-08-12T17:38:36.127Z] <<< HTTP RESPONSE 200 {"content-type":"application/json; charset=UTF-8","vary":"X-Origin, Referer, Origin,Accept-Encoding","date":"Wed, 12 Aug 2020 17:38:36 GMT","server":"ESF","cache-control":"private","x-xss-protection":"0","x-frame-options":"SAMEORIGIN","x-content-type-options":"nosniff","alt-svc":"h3-29=\":443\"; ma=2592000,h3-27=\":443\"; ma=2592000,h3-T050=\":443\"; ma=2592000,h3-Q050=\":443\"; ma=2592000,h3-Q046=\":443\"; ma=2592000,h3-Q043=\":443\"; ma=2592000,quic=\":443\"; ma=2592000; v=\"46,43\"","accept-ranges":"none","transfer-encoding":"chunked"}
[info] +  firestore: deployed indexes in firestore.indexes.json successfully 
[debug] [2020-08-12T17:38:36.159Z] <<< HTTP RESPONSE 200 {"content-type":"application/json; charset=UTF-8","vary":"X-Origin, Referer, Origin,Accept-Encoding","date":"Wed, 12 Aug 2020 17:38:36 GMT","server":"ESF","cache-control":"private","x-xss-protection":"0","x-frame-options":"SAMEORIGIN","x-content-type-options":"nosniff","alt-svc":"h3-29=\":443\"; ma=2592000,h3-27=\":443\"; ma=2592000,h3-T050=\":443\"; ma=2592000,h3-Q050=\":443\"; ma=2592000,h3-Q046=\":443\"; ma=2592000,h3-Q043=\":443\"; ma=2592000,quic=\":443\"; ma=2592000; v=\"46,43\"","accept-ranges":"none","transfer-encoding":"chunked"}
[debug] [2020-08-12T17:38:36.161Z] >>> HTTP REQUEST GET https://firebaserules.googleapis.com/v1/projects/contact-list-typeqast/rulesets/ed0e5164-6ca8-4a67-aac9-7792f33e1af0  
 
[debug] [2020-08-12T17:38:36.446Z] <<< HTTP RESPONSE 200 {"content-type":"application/json; charset=UTF-8","vary":"X-Origin, Referer, Origin,Accept-Encoding","date":"Wed, 12 Aug 2020 17:38:36 GMT","server":"ESF","cache-control":"private","x-xss-protection":"0","x-frame-options":"SAMEORIGIN","x-content-type-options":"nosniff","alt-svc":"h3-29=\":443\"; ma=2592000,h3-27=\":443\"; ma=2592000,h3-T050=\":443\"; ma=2592000,h3-Q050=\":443\"; ma=2592000,h3-Q046=\":443\"; ma=2592000,h3-Q043=\":443\"; ma=2592000,quic=\":443\"; ma=2592000; v=\"46,43\"","accept-ranges":"none","transfer-encoding":"chunked"}
[info] i  firestore: latest version of firestore.rules already up to date, skipping upload... 
[info] i  hosting[contact-list-typeqast]: beginning deploy... 
[info] i  hosting[contact-list-typeqast]: found 32 files in dist/contact-list-app 
[debug] [2020-08-12T17:38:36.573Z] [hosting] hash cache [ZGlzdFxjb250YWN0LWxpc3QtYXBw] stored for 32 files
[debug] [2020-08-12T17:38:36.574Z] [hosting][hash queue][FINAL] {"max":79,"min":26,"avg":32.40625,"active":0,"complete":32,"success":32,"errored":0,"retried":0,"total":32,"elapsed":93}
[debug] [2020-08-12T17:38:36.574Z] >>> HTTP REQUEST POST https://firebasehosting.googleapis.com/v1beta1/sites/contact-list-typeqast/versions/13ffde88835e6561:populateFiles  
 <request body omitted>
[debug] [2020-08-12T17:38:37.753Z] <<< HTTP RESPONSE 200 {"content-type":"application/json; charset=UTF-8","vary":"X-Origin, Referer, Origin,Accept-Encoding","date":"Wed, 12 Aug 2020 17:38:37 GMT","server":"ESF","cache-control":"private","x-xss-protection":"0","x-frame-options":"SAMEORIGIN","x-content-type-options":"nosniff","alt-svc":"h3-29=\":443\"; ma=2592000,h3-27=\":443\"; ma=2592000,h3-T050=\":443\"; ma=2592000,h3-Q050=\":443\"; ma=2592000,h3-Q046=\":443\"; ma=2592000,h3-Q043=\":443\"; ma=2592000,quic=\":443\"; ma=2592000; v=\"46,43\"","accept-ranges":"none","transfer-encoding":"chunked"}
[debug] [2020-08-12T17:38:37.768Z] [hosting][populate queue][FINAL] {"max":1187,"min":1187,"avg":1187,"active":0,"complete":1,"success":1,"errored":0,"retried":0,"total":1,"elapsed":1199}
[debug] [2020-08-12T17:38:37.768Z] [hosting] uploads queued: 6
[debug] [2020-08-12T17:38:43.551Z] [hosting][upload queue][FINAL] {"max":5796,"min":2401,"avg":3622.8333333333335,"active":0,"complete":6,"success":6,"errored":0,"retried":0,"total":6,"elapsed":5796}
[info] +  hosting[contact-list-typeqast]: file upload complete 
[debug] [2020-08-12T17:38:43.554Z] [hosting] deploy completed after 7102ms
[debug] [2020-08-12T17:38:43.757Z] [rules] releasing firebase.storage/contact-list-typeqast.appspot.com with ruleset projects/contact-list-typeqast/rulesets/dcf77676-cdfc-491c-b4b1-fa27c7bdddb6
[debug] [2020-08-12T17:38:43.759Z] >>> HTTP REQUEST PATCH https://firebaserules.googleapis.com/v1/projects/contact-list-typeqast/releases/firebase.storage/contact-list-typeqast.appspot.com  
 {"release":{"name":"projects/contact-list-typeqast/releases/firebase.storage/contact-list-typeqast.appspot.com","rulesetName":"projects/contact-list-typeqast/rulesets/dcf77676-cdfc-491c-b4b1-fa27c7bdddb6"}}
[debug] [2020-08-12T17:38:44.700Z] <<< HTTP RESPONSE 200 {"content-type":"application/json; charset=UTF-8","vary":"X-Origin, Referer, Origin,Accept-Encoding","date":"Wed, 12 Aug 2020 17:38:44 GMT","server":"ESF","cache-control":"private","x-xss-protection":"0","x-frame-options":"SAMEORIGIN","x-content-type-options":"nosniff","alt-svc":"h3-29=\":443\"; ma=2592000,h3-27=\":443\"; ma=2592000,h3-T050=\":443\"; ma=2592000,h3-Q050=\":443\"; ma=2592000,h3-Q046=\":443\"; ma=2592000,h3-Q043=\":443\"; ma=2592000,quic=\":443\"; ma=2592000; v=\"46,43\"","accept-ranges":"none","transfer-encoding":"chunked"}
[debug] [2020-08-12T17:38:44.701Z] [rules] updated release projects/contact-list-typeqast/releases/firebase.storage/contact-list-typeqast.appspot.com
[info] +  storage: released rules storage.rules to firebase.storage 
[debug] [2020-08-12T17:38:44.705Z] [rules] releasing cloud.firestore with ruleset projects/contact-list-typeqast/rulesets/ed0e5164-6ca8-4a67-aac9-7792f33e1af0
[debug] [2020-08-12T17:38:44.706Z] >>> HTTP REQUEST PATCH https://firebaserules.googleapis.com/v1/projects/contact-list-typeqast/releases/cloud.firestore  
 {"release":{"name":"projects/contact-list-typeqast/releases/cloud.firestore","rulesetName":"projects/contact-list-typeqast/rulesets/ed0e5164-6ca8-4a67-aac9-7792f33e1af0"}}
[debug] [2020-08-12T17:38:45.634Z] <<< HTTP RESPONSE 200 {"content-type":"application/json; charset=UTF-8","vary":"X-Origin, Referer, Origin,Accept-Encoding","date":"Wed, 12 Aug 2020 17:38:45 GMT","server":"ESF","cache-control":"private","x-xss-protection":"0","x-frame-options":"SAMEORIGIN","x-content-type-options":"nosniff","alt-svc":"h3-29=\":443\"; ma=2592000,h3-27=\":443\"; ma=2592000,h3-T050=\":443\"; ma=2592000,h3-Q050=\":443\"; ma=2592000,h3-Q046=\":443\"; ma=2592000,h3-Q043=\":443\"; ma=2592000,quic=\":443\"; ma=2592000; v=\"46,43\"","accept-ranges":"none","transfer-encoding":"chunked"}
[debug] [2020-08-12T17:38:45.635Z] [rules] updated release projects/contact-list-typeqast/releases/cloud.firestore
[info] +  firestore: released rules firestore.rules to cloud.firestore 
[debug] [2020-08-12T17:38:45.638Z] [
  {
    "config": {
      "public": "dist/contact-list-app",
      "ignore": [
        "firebase.json",
        "**/.*",
        "**/node_modules/**"
      ],
      "rewrites": [
        {
          "source": "**",
          "destination": "/index.html"
        }
      ],
      "site": "contact-list-typeqast"
    },
    "site": "contact-list-typeqast",
    "version": "sites/contact-list-typeqast/versions/13ffde88835e6561"
  }
]
[info] i  hosting[contact-list-typeqast]: finalizing version... 
[debug] [2020-08-12T17:38:45.638Z] >>> HTTP REQUEST PATCH https://firebasehosting.googleapis.com/v1beta1/sites/contact-list-typeqast/versions/13ffde88835e6561?updateMask=status  
 {"status":"FINALIZED"}
[debug] [2020-08-12T17:38:46.789Z] <<< HTTP RESPONSE 200 {"content-type":"application/json; charset=UTF-8","vary":"X-Origin, Referer, Origin,Accept-Encoding","date":"Wed, 12 Aug 2020 17:38:46 GMT","server":"ESF","cache-control":"private","x-xss-protection":"0","x-frame-options":"SAMEORIGIN","x-content-type-options":"nosniff","alt-svc":"h3-29=\":443\"; ma=2592000,h3-27=\":443\"; ma=2592000,h3-T050=\":443\"; ma=2592000,h3-Q050=\":443\"; ma=2592000,h3-Q046=\":443\"; ma=2592000,h3-Q043=\":443\"; ma=2592000,quic=\":443\"; ma=2592000; v=\"46,43\"","accept-ranges":"none","transfer-encoding":"chunked"}
[debug] [2020-08-12T17:38:46.790Z] [hosting] finalized version for contact-list-typeqast: {"name":"sites/contact-list-typeqast/versions/13ffde88835e6561","status":"FINALIZED","config":{"rewrites":[{"glob":"**","path":"/index.html"}]},"labels":{"deployment-tool":"cli-firebase"},"createTime":"2020-08-12T17:38:33.278631Z","createUser":{"email":"mariopavlovic1994@gmail.com"},"finalizeTime":"2020-08-12T17:38:46.677403Z","finalizeUser":{"email":"mariopavlovic1994@gmail.com"}}
[info] +  hosting[contact-list-typeqast]: version finalized 
[info] i  hosting[contact-list-typeqast]: releasing new version... 
[debug] [2020-08-12T17:38:46.796Z] >>> HTTP REQUEST POST https://firebasehosting.googleapis.com/v1beta1/sites/contact-list-typeqast/releases?version_name=sites/contact-list-typeqast/versions/13ffde88835e6561  
 {"message":null}
[debug] [2020-08-12T17:38:47.882Z] <<< HTTP RESPONSE 200 {"content-type":"application/json; charset=UTF-8","vary":"X-Origin, Referer, Origin,Accept-Encoding","date":"Wed, 12 Aug 2020 17:38:47 GMT","server":"ESF","cache-control":"private","x-xss-protection":"0","x-frame-options":"SAMEORIGIN","x-content-type-options":"nosniff","alt-svc":"h3-29=\":443\"; ma=2592000,h3-27=\":443\"; ma=2592000,h3-T050=\":443\"; ma=2592000,h3-Q050=\":443\"; ma=2592000,h3-Q046=\":443\"; ma=2592000,h3-Q043=\":443\"; ma=2592000,quic=\":443\"; ma=2592000; v=\"46,43\"","accept-ranges":"none","transfer-encoding":"chunked"}
[debug] [2020-08-12T17:38:47.883Z] [hosting] release: {"name":"sites/contact-list-typeqast/releases/1597253927096109","version":{"name":"sites/contact-list-typeqast/versions/13ffde88835e6561","status":"FINALIZED","config":{"rewrites":[{"glob":"**","path":"/index.html"}]},"labels":{"deployment-tool":"cli-firebase"},"createTime":"2020-08-12T17:38:33.278631Z","createUser":{"email":"mariopavlovic1994@gmail.com"},"finalizeTime":"2020-08-12T17:38:46.677403Z","finalizeUser":{"email":"mariopavlovic1994@gmail.com"},"preview":{}},"type":"DEPLOY","releaseTime":"2020-08-12T17:38:47.096109464Z","releaseUser":{"email":"mariopavlovic1994@gmail.com"}}
[info] +  hosting[contact-list-typeqast]: release complete 
[info] 
[info] +  Deploy complete! 
[info] 
[info] Project Console: https://console.firebase.google.com/project/contact-list-typeqast/overview
[info] Hosting URL: https://contact-list-typeqast.web.app
[debug] [2020-08-12T17:38:48.061Z] Error: EBUSY: resource busy or locked, unlink 'D:\contact-list-app\firebase-debug.log'
    at Object.unlinkSync (fs.js:956:3)
    at process.<anonymous> (C:\Users\Mario\AppData\Roaming\nvm\v10.19.0\node_modules\firebase-tools\lib\bin\firebase.js:81:12)
    at process.emit (events.js:203:15)
    at process.topLevelDomainCallback (domain.js:126:23)
